Found 41836 images belonging to 101 classes.
Found 10426 images belonging to 101 classes.
Epoch 1/30
 - 405s - loss: 0.9759 - acc: 0.7329 - val_loss: 1.6864 - val_acc: 0.6467

Epoch 00001: val_acc improved from -inf to 0.64668, saving model to MyModel.h5
Epoch 2/30
 - 68s - loss: 0.1711 - acc: 0.9479 - val_loss: 3.6454 - val_acc: 0.4602

Epoch 00002: val_acc did not improve from 0.64668
Epoch 3/30
 - 72s - loss: 0.1407 - acc: 0.9591 - val_loss: 0.8220 - val_acc: 0.8145

Epoch 00003: val_acc improved from 0.64668 to 0.81445, saving model to MyModel.h5
Epoch 4/30
 - 67s - loss: 0.0961 - acc: 0.9725 - val_loss: 0.6153 - val_acc: 0.8619

Epoch 00004: val_acc improved from 0.81445 to 0.86191, saving model to MyModel.h5
Epoch 5/30
 - 65s - loss: 0.0909 - acc: 0.9750 - val_loss: 1.0712 - val_acc: 0.7865

Epoch 00005: val_acc did not improve from 0.86191
Epoch 6/30
 - 64s - loss: 0.0780 - acc: 0.9786 - val_loss: 1.1768 - val_acc: 0.7703

Epoch 00006: val_acc did not improve from 0.86191
Epoch 7/30
 - 65s - loss: 0.0898 - acc: 0.9775 - val_loss: 1.0834 - val_acc: 0.7979

Epoch 00007: val_acc did not improve from 0.86191
Epoch 8/30
 - 64s - loss: 0.0611 - acc: 0.9841 - val_loss: 0.8484 - val_acc: 0.8203

Epoch 00008: val_acc did not improve from 0.86191
Epoch 9/30
 - 65s - loss: 0.0749 - acc: 0.9801 - val_loss: 0.6410 - val_acc: 0.8645

Epoch 00009: val_acc improved from 0.86191 to 0.86445, saving model to MyModel.h5
Epoch 10/30
 - 65s - loss: 0.0600 - acc: 0.9851 - val_loss: 0.4051 - val_acc: 0.9104

Epoch 00010: val_acc improved from 0.86445 to 0.91035, saving model to MyModel.h5
Epoch 11/30
 - 64s - loss: 0.0584 - acc: 0.9850 - val_loss: 0.5491 - val_acc: 0.8988

Epoch 00011: val_acc did not improve from 0.91035
Epoch 12/30
 - 67s - loss: 0.0493 - acc: 0.9870 - val_loss: 0.8637 - val_acc: 0.8451

Epoch 00012: val_acc did not improve from 0.91035
Epoch 13/30
 - 65s - loss: 0.0335 - acc: 0.9917 - val_loss: 0.2822 - val_acc: 0.9348

Epoch 00013: val_acc improved from 0.91035 to 0.93477, saving model to MyModel.h5
Epoch 14/30
 - 64s - loss: 0.0630 - acc: 0.9847 - val_loss: 0.3461 - val_acc: 0.9402

Epoch 00014: val_acc improved from 0.93477 to 0.94023, saving model to MyModel.h5
Epoch 15/30
 - 64s - loss: 0.0328 - acc: 0.9916 - val_loss: 0.1924 - val_acc: 0.9566

Epoch 00015: val_acc improved from 0.94023 to 0.95664, saving model to MyModel.h5
Epoch 16/30
 - 64s - loss: 0.0360 - acc: 0.9912 - val_loss: 0.5602 - val_acc: 0.9076

Epoch 00016: val_acc did not improve from 0.95664
Epoch 17/30
 - 66s - loss: 0.0410 - acc: 0.9898 - val_loss: 0.2253 - val_acc: 0.9539

Epoch 00017: val_acc did not improve from 0.95664
Epoch 18/30
 - 64s - loss: 0.0261 - acc: 0.9934 - val_loss: 0.6891 - val_acc: 0.8449

Epoch 00018: val_acc did not improve from 0.95664
Epoch 19/30
 - 63s - loss: 0.0360 - acc: 0.9926 - val_loss: 0.2540 - val_acc: 0.9521

Epoch 00019: val_acc did not improve from 0.95664
Epoch 20/30
 - 63s - loss: 0.0232 - acc: 0.9948 - val_loss: 0.3440 - val_acc: 0.9365

Epoch 00020: val_acc did not improve from 0.95664
Epoch 21/30
 - 64s - loss: 0.0334 - acc: 0.9927 - val_loss: 0.1528 - val_acc: 0.9668

Epoch 00021: val_acc improved from 0.95664 to 0.96680, saving model to MyModel.h5
Epoch 22/30
 - 65s - loss: 0.0275 - acc: 0.9936 - val_loss: 0.1882 - val_acc: 0.9590

Epoch 00022: val_acc did not improve from 0.96680
Epoch 23/30
 - 64s - loss: 0.0335 - acc: 0.9915 - val_loss: 0.2938 - val_acc: 0.9270

Epoch 00023: val_acc did not improve from 0.96680
Epoch 24/30
 - 62s - loss: 0.0132 - acc: 0.9966 - val_loss: 0.3394 - val_acc: 0.9426

Epoch 00024: val_acc did not improve from 0.96680
Epoch 25/30
 - 64s - loss: 0.0262 - acc: 0.9943 - val_loss: 0.3160 - val_acc: 0.9326

Epoch 00025: val_acc did not improve from 0.96680
Epoch 26/30
 - 67s - loss: 0.0293 - acc: 0.9933 - val_loss: 0.3207 - val_acc: 0.9291

Epoch 00026: val_acc did not improve from 0.96680
Epoch 27/30
 - 64s - loss: 0.0123 - acc: 0.9970 - val_loss: 0.1866 - val_acc: 0.9605

Epoch 00027: val_acc did not improve from 0.96680
Epoch 28/30
 - 64s - loss: 0.0285 - acc: 0.9930 - val_loss: 0.4416 - val_acc: 0.9234

Epoch 00028: val_acc did not improve from 0.96680
Epoch 29/30
 - 62s - loss: 0.0154 - acc: 0.9966 - val_loss: 0.4645 - val_acc: 0.9086

Epoch 00029: val_acc did not improve from 0.96680
Epoch 30/30
 - 63s - loss: 0.0255 - acc: 0.9944 - val_loss: 0.2765 - val_acc: 0.9428

Epoch 00030: val_acc did not improve from 0.96680
