Found 11466 images belonging to 10 classes.
Found 1273 images belonging to 10 classes.
Epoch 1/30

 1/10 [==>...........................] - ETA: 1:52 - loss: 2.3035 - acc: 0.0938
 2/10 [=====>........................] - ETA: 50s - loss: 2.3482 - acc: 0.0938 
 3/10 [========>.....................] - ETA: 29s - loss: 2.2613 - acc: 0.1354
 4/10 [===========>..................] - ETA: 19s - loss: 2.1755 - acc: 0.1797
 5/10 [==============>...............] - ETA: 12s - loss: 2.1155 - acc: 0.2000
 6/10 [=================>............] - ETA: 8s - loss: 2.0714 - acc: 0.2188 
 7/10 [====================>.........] - ETA: 5s - loss: 1.9855 - acc: 0.2902
 8/10 [=======================>......] - ETA: 3s - loss: 1.9242 - acc: 0.3281
 9/10 [==========================>...] - ETA: 1s - loss: 1.8610 - acc: 0.3750
10/10 [==============================] - 34s 3s/step - loss: 1.7877 - acc: 0.4156 - val_loss: 0.6907 - val_acc: 0.8443

Epoch 00001: val_loss improved from inf to 0.69071, saving model to MyModel.h5
Epoch 2/30

 1/10 [==>...........................] - ETA: 0s - loss: 1.1093 - acc: 0.7812
 2/10 [=====>........................] - ETA: 0s - loss: 1.0382 - acc: 0.7812
 3/10 [========>.....................] - ETA: 0s - loss: 0.9738 - acc: 0.8021
 4/10 [===========>..................] - ETA: 0s - loss: 0.9257 - acc: 0.7891
 5/10 [==============>...............] - ETA: 0s - loss: 0.8976 - acc: 0.8000
 6/10 [=================>............] - ETA: 0s - loss: 0.8594 - acc: 0.8229
 7/10 [====================>.........] - ETA: 0s - loss: 0.8980 - acc: 0.7991
 8/10 [=======================>......] - ETA: 0s - loss: 0.8709 - acc: 0.8086
 9/10 [==========================>...] - ETA: 0s - loss: 0.8328 - acc: 0.8125
10/10 [==============================] - 10s 1s/step - loss: 0.7796 - acc: 0.8281 - val_loss: 0.4395 - val_acc: 0.8657

Epoch 00002: val_loss improved from 0.69071 to 0.43951, saving model to MyModel.h5
Epoch 3/30

 1/10 [==>...........................] - ETA: 0s - loss: 0.4391 - acc: 0.8750
 2/10 [=====>........................] - ETA: 0s - loss: 0.5179 - acc: 0.8281
 3/10 [========>.....................] - ETA: 0s - loss: 0.5829 - acc: 0.8021
 4/10 [===========>..................] - ETA: 0s - loss: 0.5634 - acc: 0.8125
 5/10 [==============>...............] - ETA: 0s - loss: 0.5147 - acc: 0.8375
 6/10 [=================>............] - ETA: 0s - loss: 0.4743 - acc: 0.8542
 7/10 [====================>.........] - ETA: 0s - loss: 0.4947 - acc: 0.8527
 8/10 [=======================>......] - ETA: 0s - loss: 0.4828 - acc: 0.8555
 9/10 [==========================>...] - ETA: 0s - loss: 0.4797 - acc: 0.8576
10/10 [==============================] - 10s 1s/step - loss: 0.5006 - acc: 0.8594 - val_loss: 0.1478 - val_acc: 0.9422

Epoch 00003: val_loss improved from 0.43951 to 0.14784, saving model to MyModel.h5
Epoch 4/30

 1/10 [==>...........................] - ETA: 0s - loss: 0.1566 - acc: 1.0000
 2/10 [=====>........................] - ETA: 0s - loss: 0.2761 - acc: 0.9531
 3/10 [========>.....................] - ETA: 0s - loss: 0.3017 - acc: 0.9375
 4/10 [===========>..................] - ETA: 0s - loss: 0.3149 - acc: 0.9297
 5/10 [==============>...............] - ETA: 0s - loss: 0.3006 - acc: 0.9250
 6/10 [=================>............] - ETA: 0s - loss: 0.2958 - acc: 0.9271
 7/10 [====================>.........] - ETA: 0s - loss: 0.3285 - acc: 0.9196
 8/10 [=======================>......] - ETA: 0s - loss: 0.3494 - acc: 0.9180
 9/10 [==========================>...] - ETA: 0s - loss: 0.3316 - acc: 0.9201
10/10 [==============================] - 10s 1s/step - loss: 0.3330 - acc: 0.9187 - val_loss: 0.1169 - val_acc: 0.9617

Epoch 00004: val_loss improved from 0.14784 to 0.11693, saving model to MyModel.h5
Epoch 5/30

 1/10 [==>...........................] - ETA: 0s - loss: 0.3727 - acc: 0.8438
 2/10 [=====>........................] - ETA: 0s - loss: 0.3777 - acc: 0.8438
 3/10 [========>.....................] - ETA: 0s - loss: 0.3669 - acc: 0.8438
 4/10 [===========>..................] - ETA: 0s - loss: 0.3493 - acc: 0.8438
 5/10 [==============>...............] - ETA: 0s - loss: 0.3162 - acc: 0.8688
 6/10 [=================>............] - ETA: 0s - loss: 0.3183 - acc: 0.8698
 7/10 [====================>.........] - ETA: 0s - loss: 0.2962 - acc: 0.8839
 8/10 [=======================>......] - ETA: 0s - loss: 0.3206 - acc: 0.8789
 9/10 [==========================>...] - ETA: 0s - loss: 0.3230 - acc: 0.8854
10/10 [==============================] - 10s 1s/step - loss: 0.3193 - acc: 0.8875 - val_loss: 0.1507 - val_acc: 0.9517

Epoch 00005: val_loss did not improve from 0.11693
Epoch 6/30

 1/10 [==>...........................] - ETA: 0s - loss: 0.2586 - acc: 0.9062
 2/10 [=====>........................] - ETA: 0s - loss: 0.2271 - acc: 0.9219
 3/10 [========>.....................] - ETA: 0s - loss: 0.2527 - acc: 0.8958
 4/10 [===========>..................] - ETA: 0s - loss: 0.3468 - acc: 0.8828
 5/10 [==============>...............] - ETA: 0s - loss: 0.3293 - acc: 0.8812
 6/10 [=================>............] - ETA: 0s - loss: 0.3202 - acc: 0.8854
 7/10 [====================>.........] - ETA: 0s - loss: 0.3422 - acc: 0.8795
 8/10 [=======================>......] - ETA: 0s - loss: 0.3093 - acc: 0.8906
 9/10 [==========================>...] - ETA: 0s - loss: 0.2980 - acc: 0.8993
10/10 [==============================] - 10s 1s/step - loss: 0.3206 - acc: 0.8938 - val_loss: 0.0910 - val_acc: 0.9705

Epoch 00006: val_loss improved from 0.11693 to 0.09100, saving model to MyModel.h5
Epoch 7/30

 1/10 [==>...........................] - ETA: 0s - loss: 0.2381 - acc: 0.9375
 2/10 [=====>........................] - ETA: 0s - loss: 0.4624 - acc: 0.8906
 3/10 [========>.....................] - ETA: 0s - loss: 0.4563 - acc: 0.8958
 4/10 [===========>..................] - ETA: 0s - loss: 0.4365 - acc: 0.8906
 5/10 [==============>...............] - ETA: 0s - loss: 0.3763 - acc: 0.9000
 6/10 [=================>............] - ETA: 0s - loss: 0.3597 - acc: 0.8958
 7/10 [====================>.........] - ETA: 0s - loss: 0.3360 - acc: 0.8973
 8/10 [=======================>......] - ETA: 0s - loss: 0.3225 - acc: 0.8984
 9/10 [==========================>...] - ETA: 0s - loss: 0.2995 - acc: 0.9062
10/10 [==============================] - 10s 976ms/step - loss: 0.2999 - acc: 0.9062 - val_loss: 0.0938 - val_acc: 0.9724

Epoch 00007: val_loss did not improve from 0.09100
Epoch 8/30

 1/10 [==>...........................] - ETA: 0s - loss: 0.1559 - acc: 0.9062
 2/10 [=====>........................] - ETA: 0s - loss: 0.2344 - acc: 0.8750
 3/10 [========>.....................] - ETA: 0s - loss: 0.1903 - acc: 0.9062
 4/10 [===========>..................] - ETA: 0s - loss: 0.2070 - acc: 0.9141
 5/10 [==============>...............] - ETA: 0s - loss: 0.1867 - acc: 0.9250
 6/10 [=================>............] - ETA: 0s - loss: 0.1883 - acc: 0.9271
 7/10 [====================>.........] - ETA: 0s - loss: 0.2032 - acc: 0.9241
 8/10 [=======================>......] - ETA: 0s - loss: 0.1958 - acc: 0.9258
 9/10 [==========================>...] - ETA: 0s - loss: 0.1855 - acc: 0.9340
10/10 [==============================] - 10s 1s/step - loss: 0.1851 - acc: 0.9344 - val_loss: 0.0739 - val_acc: 0.9743

Epoch 00008: val_loss improved from 0.09100 to 0.07392, saving model to MyModel.h5
Epoch 9/30

 1/10 [==>...........................] - ETA: 0s - loss: 0.1325 - acc: 0.9688
 2/10 [=====>........................] - ETA: 0s - loss: 0.1950 - acc: 0.9375
 3/10 [========>.....................] - ETA: 0s - loss: 0.1908 - acc: 0.9479
 4/10 [===========>..................] - ETA: 0s - loss: 0.1959 - acc: 0.9531
 5/10 [==============>...............] - ETA: 0s - loss: 0.1872 - acc: 0.9500
 6/10 [=================>............] - ETA: 0s - loss: 0.1782 - acc: 0.9531
 7/10 [====================>.........] - ETA: 0s - loss: 0.2205 - acc: 0.9330
 8/10 [=======================>......] - ETA: 0s - loss: 0.2207 - acc: 0.9336
 9/10 [==========================>...] - ETA: 0s - loss: 0.2116 - acc: 0.9375
10/10 [==============================] - 10s 1s/step - loss: 0.2006 - acc: 0.9375 - val_loss: 0.1105 - val_acc: 0.9630

Epoch 00009: val_loss did not improve from 0.07392
Epoch 10/30

 1/10 [==>...........................] - ETA: 0s - loss: 0.2720 - acc: 0.9375
 2/10 [=====>........................] - ETA: 0s - loss: 0.3061 - acc: 0.9062
 3/10 [========>.....................] - ETA: 0s - loss: 0.2959 - acc: 0.9062
 4/10 [===========>..................] - ETA: 0s - loss: 0.2404 - acc: 0.9297
 5/10 [==============>...............] - ETA: 0s - loss: 0.2215 - acc: 0.9250
 6/10 [=================>............] - ETA: 0s - loss: 0.2289 - acc: 0.9271
 7/10 [====================>.........] - ETA: 0s - loss: 0.2220 - acc: 0.9286
 8/10 [=======================>......] - ETA: 0s - loss: 0.2203 - acc: 0.9258
 9/10 [==========================>...] - ETA: 0s - loss: 0.2036 - acc: 0.9340
10/10 [==============================] - 10s 1s/step - loss: 0.1929 - acc: 0.9375 - val_loss: 0.0681 - val_acc: 0.9718

Epoch 00010: val_loss improved from 0.07392 to 0.06814, saving model to MyModel.h5
Epoch 11/30

 1/10 [==>...........................] - ETA: 0s - loss: 0.4882 - acc: 0.8750
 2/10 [=====>........................] - ETA: 0s - loss: 0.3243 - acc: 0.8906
 3/10 [========>.....................] - ETA: 0s - loss: 0.3251 - acc: 0.8542
 4/10 [===========>..................] - ETA: 0s - loss: 0.3252 - acc: 0.8594
 5/10 [==============>...............] - ETA: 0s - loss: 0.2917 - acc: 0.8750
 6/10 [=================>............] - ETA: 0s - loss: 0.2867 - acc: 0.8802
 7/10 [====================>.........] - ETA: 0s - loss: 0.2740 - acc: 0.8839
 8/10 [=======================>......] - ETA: 0s - loss: 0.2637 - acc: 0.8867
 9/10 [==========================>...] - ETA: 0s - loss: 0.2512 - acc: 0.8924
10/10 [==============================] - 10s 1s/step - loss: 0.2340 - acc: 0.9000 - val_loss: 0.0788 - val_acc: 0.9749

Epoch 00011: val_loss did not improve from 0.06814
Epoch 12/30

 1/10 [==>...........................] - ETA: 0s - loss: 0.2582 - acc: 0.9375
 2/10 [=====>........................] - ETA: 0s - loss: 0.2663 - acc: 0.9219
 3/10 [========>.....................] - ETA: 0s - loss: 0.2456 - acc: 0.9271
 4/10 [===========>..................] - ETA: 0s - loss: 0.2396 - acc: 0.9375
 5/10 [==============>...............] - ETA: 0s - loss: 0.2029 - acc: 0.9500
 6/10 [=================>............] - ETA: 0s - loss: 0.1945 - acc: 0.9479
 7/10 [====================>.........] - ETA: 0s - loss: 0.2313 - acc: 0.9330
 8/10 [=======================>......] - ETA: 0s - loss: 0.2128 - acc: 0.9414
 9/10 [==========================>...] - ETA: 0s - loss: 0.2515 - acc: 0.9271
10/10 [==============================] - 10s 993ms/step - loss: 0.2515 - acc: 0.9250 - val_loss: 0.3005 - val_acc: 0.9422

Epoch 00012: val_loss did not improve from 0.06814
Epoch 13/30

 1/10 [==>...........................] - ETA: 0s - loss: 0.4515 - acc: 0.8125
 2/10 [=====>........................] - ETA: 0s - loss: 0.3632 - acc: 0.8750
 3/10 [========>.....................] - ETA: 0s - loss: 0.2612 - acc: 0.9062
 4/10 [===========>..................] - ETA: 0s - loss: 0.2485 - acc: 0.9141
 5/10 [==============>...............] - ETA: 0s - loss: 0.2599 - acc: 0.9000
 6/10 [=================>............] - ETA: 0s - loss: 0.2717 - acc: 0.9010
 7/10 [====================>.........] - ETA: 0s - loss: 0.2471 - acc: 0.9062
 8/10 [=======================>......] - ETA: 0s - loss: 0.2600 - acc: 0.9023
 9/10 [==========================>...] - ETA: 0s - loss: 0.2557 - acc: 0.8993
10/10 [==============================] - 10s 1s/step - loss: 0.2665 - acc: 0.9000 - val_loss: 0.0722 - val_acc: 0.9743

Epoch 00013: val_loss did not improve from 0.06814
Epoch 14/30

 1/10 [==>...........................] - ETA: 0s - loss: 0.1895 - acc: 0.9062
 2/10 [=====>........................] - ETA: 0s - loss: 0.1697 - acc: 0.9062
 3/10 [========>.....................] - ETA: 0s - loss: 0.2198 - acc: 0.8958
 4/10 [===========>..................] - ETA: 0s - loss: 0.1881 - acc: 0.9141
 5/10 [==============>...............] - ETA: 0s - loss: 0.1667 - acc: 0.9313
 6/10 [=================>............] - ETA: 0s - loss: 0.1817 - acc: 0.9271
 7/10 [====================>.........] - ETA: 0s - loss: 0.1721 - acc: 0.9330
 8/10 [=======================>......] - ETA: 0s - loss: 0.1604 - acc: 0.9375
 9/10 [==========================>...] - ETA: 0s - loss: 0.1679 - acc: 0.9375
10/10 [==============================] - 10s 1s/step - loss: 0.1536 - acc: 0.9437 - val_loss: 0.1126 - val_acc: 0.9611

Epoch 00014: val_loss did not improve from 0.06814
Epoch 15/30

 1/10 [==>...........................] - ETA: 0s - loss: 0.0808 - acc: 1.0000
 2/10 [=====>........................] - ETA: 0s - loss: 0.1363 - acc: 0.9688
 3/10 [========>.....................] - ETA: 0s - loss: 0.1349 - acc: 0.9583
 4/10 [===========>..................] - ETA: 0s - loss: 0.1358 - acc: 0.9609
 5/10 [==============>...............] - ETA: 0s - loss: 0.1334 - acc: 0.9563
 6/10 [=================>............] - ETA: 0s - loss: 0.1675 - acc: 0.9427
 7/10 [====================>.........] - ETA: 0s - loss: 0.1818 - acc: 0.9330
 8/10 [=======================>......] - ETA: 0s - loss: 0.2096 - acc: 0.9219
 9/10 [==========================>...] - ETA: 0s - loss: 0.2052 - acc: 0.9201
10/10 [==============================] - 10s 996ms/step - loss: 0.2117 - acc: 0.9219 - val_loss: 0.0868 - val_acc: 0.9674

Epoch 00015: val_loss did not improve from 0.06814
Epoch 16/30

 1/10 [==>...........................] - ETA: 0s - loss: 0.2925 - acc: 0.9688
 2/10 [=====>........................] - ETA: 0s - loss: 0.1821 - acc: 0.9844
 3/10 [========>.....................] - ETA: 0s - loss: 0.3370 - acc: 0.9167
 4/10 [===========>..................] - ETA: 0s - loss: 0.2719 - acc: 0.9375
 5/10 [==============>...............] - ETA: 0s - loss: 0.2469 - acc: 0.9313
 6/10 [=================>............] - ETA: 0s - loss: 0.2185 - acc: 0.9375
 7/10 [====================>.........] - ETA: 0s - loss: 0.2363 - acc: 0.9330
 8/10 [=======================>......] - ETA: 0s - loss: 0.2242 - acc: 0.9375
 9/10 [==========================>...] - ETA: 0s - loss: 0.2155 - acc: 0.9375
10/10 [==============================] - 11s 1s/step - loss: 0.2650 - acc: 0.9340 - val_loss: 0.0817 - val_acc: 0.9736

Epoch 00016: val_loss did not improve from 0.06814
Epoch 17/30

 1/10 [==>...........................] - ETA: 0s - loss: 0.2649 - acc: 0.9375
 2/10 [=====>........................] - ETA: 0s - loss: 0.1828 - acc: 0.9531
 3/10 [========>.....................] - ETA: 0s - loss: 0.2300 - acc: 0.9271
 4/10 [===========>..................] - ETA: 0s - loss: 0.3724 - acc: 0.8984
 5/10 [==============>...............] - ETA: 0s - loss: 0.3675 - acc: 0.9000
 6/10 [=================>............] - ETA: 0s - loss: 0.3398 - acc: 0.9062
 7/10 [====================>.........] - ETA: 0s - loss: 0.3593 - acc: 0.8929
 8/10 [=======================>......] - ETA: 0s - loss: 0.3471 - acc: 0.8984
 9/10 [==========================>...] - ETA: 0s - loss: 0.3211 - acc: 0.9062
10/10 [==============================] - 10s 1s/step - loss: 0.3107 - acc: 0.9062 - val_loss: 0.0757 - val_acc: 0.9718

Epoch 00017: val_loss did not improve from 0.06814
Epoch 18/30

 1/10 [==>...........................] - ETA: 0s - loss: 0.3348 - acc: 0.8438
 2/10 [=====>........................] - ETA: 0s - loss: 0.2412 - acc: 0.8906
 3/10 [========>.....................] - ETA: 0s - loss: 0.3232 - acc: 0.8958
 4/10 [===========>..................] - ETA: 0s - loss: 0.2650 - acc: 0.9141
 5/10 [==============>...............] - ETA: 0s - loss: 0.2355 - acc: 0.9250
 6/10 [=================>............] - ETA: 0s - loss: 0.2244 - acc: 0.9271
 7/10 [====================>.........] - ETA: 0s - loss: 0.2276 - acc: 0.9330
 8/10 [=======================>......] - ETA: 0s - loss: 0.2487 - acc: 0.9258
 9/10 [==========================>...] - ETA: 0s - loss: 0.2490 - acc: 0.9271
10/10 [==============================] - 10s 998ms/step - loss: 0.2445 - acc: 0.9281 - val_loss: 0.2019 - val_acc: 0.9498

Epoch 00018: val_loss did not improve from 0.06814
Epoch 19/30

 1/10 [==>...........................] - ETA: 0s - loss: 0.0893 - acc: 0.9688
 2/10 [=====>........................] - ETA: 0s - loss: 0.1980 - acc: 0.9375
 3/10 [========>.....................] - ETA: 0s - loss: 0.2325 - acc: 0.9062
 4/10 [===========>..................] - ETA: 0s - loss: 0.2460 - acc: 0.8984
 5/10 [==============>...............] - ETA: 0s - loss: 0.2578 - acc: 0.9000
 6/10 [=================>............] - ETA: 0s - loss: 0.2344 - acc: 0.9062
 7/10 [====================>.........] - ETA: 0s - loss: 0.2273 - acc: 0.9062
 8/10 [=======================>......] - ETA: 0s - loss: 0.2158 - acc: 0.9141
 9/10 [==========================>...] - ETA: 0s - loss: 0.2060 - acc: 0.9201
10/10 [==============================] - 10s 1s/step - loss: 0.2305 - acc: 0.9125 - val_loss: 0.1511 - val_acc: 0.9454

Epoch 00019: val_loss did not improve from 0.06814
Epoch 20/30

 1/10 [==>...........................] - ETA: 0s - loss: 0.1476 - acc: 0.9375
 2/10 [=====>........................] - ETA: 0s - loss: 0.1439 - acc: 0.9531
 3/10 [========>.....................] - ETA: 0s - loss: 0.1708 - acc: 0.9375
 4/10 [===========>..................] - ETA: 0s - loss: 0.3016 - acc: 0.9141
 5/10 [==============>...............] - ETA: 0s - loss: 0.2639 - acc: 0.9250
 6/10 [=================>............] - ETA: 0s - loss: 0.2441 - acc: 0.9271
 7/10 [====================>.........] - ETA: 0s - loss: 0.2270 - acc: 0.9330
 8/10 [=======================>......] - ETA: 0s - loss: 0.2234 - acc: 0.9297
 9/10 [==========================>...] - ETA: 0s - loss: 0.2264 - acc: 0.9306
10/10 [==============================] - 10s 997ms/step - loss: 0.2165 - acc: 0.9313 - val_loss: 0.0614 - val_acc: 0.9805

Epoch 00020: val_loss improved from 0.06814 to 0.06144, saving model to MyModel.h5
Epoch 21/30

 1/10 [==>...........................] - ETA: 0s - loss: 0.1929 - acc: 0.9375
 2/10 [=====>........................] - ETA: 0s - loss: 0.2181 - acc: 0.9219
 3/10 [========>.....................] - ETA: 0s - loss: 0.1808 - acc: 0.9375
 4/10 [===========>..................] - ETA: 0s - loss: 0.2086 - acc: 0.9375
 5/10 [==============>...............] - ETA: 0s - loss: 0.1930 - acc: 0.9375
 6/10 [=================>............] - ETA: 0s - loss: 0.2145 - acc: 0.9323
 7/10 [====================>.........] - ETA: 0s - loss: 0.2437 - acc: 0.9241
 8/10 [=======================>......] - ETA: 0s - loss: 0.2257 - acc: 0.9297
 9/10 [==========================>...] - ETA: 0s - loss: 0.2249 - acc: 0.9340
10/10 [==============================] - 10s 1s/step - loss: 0.2338 - acc: 0.9250 - val_loss: 0.1037 - val_acc: 0.9667

Epoch 00021: val_loss did not improve from 0.06144
Epoch 22/30

 1/10 [==>...........................] - ETA: 0s - loss: 0.2713 - acc: 0.9375
 2/10 [=====>........................] - ETA: 0s - loss: 0.1685 - acc: 0.9688
 3/10 [========>.....................] - ETA: 0s - loss: 0.1790 - acc: 0.9583
 4/10 [===========>..................] - ETA: 0s - loss: 0.2051 - acc: 0.9531
 5/10 [==============>...............] - ETA: 0s - loss: 0.2094 - acc: 0.9437
 6/10 [=================>............] - ETA: 0s - loss: 0.2039 - acc: 0.9427
 7/10 [====================>.........] - ETA: 0s - loss: 0.2110 - acc: 0.9375
 8/10 [=======================>......] - ETA: 0s - loss: 0.1953 - acc: 0.9414
 9/10 [==========================>...] - ETA: 0s - loss: 0.1777 - acc: 0.9479
10/10 [==============================] - 10s 980ms/step - loss: 0.1988 - acc: 0.9406 - val_loss: 0.0860 - val_acc: 0.9730

Epoch 00022: val_loss did not improve from 0.06144
Epoch 23/30

 1/10 [==>...........................] - ETA: 0s - loss: 0.4844 - acc: 0.8125
 2/10 [=====>........................] - ETA: 0s - loss: 0.2780 - acc: 0.8750
 3/10 [========>.....................] - ETA: 0s - loss: 0.2237 - acc: 0.8958
 4/10 [===========>..................] - ETA: 0s - loss: 0.2018 - acc: 0.9062
 5/10 [==============>...............] - ETA: 0s - loss: 0.1828 - acc: 0.9125
 6/10 [=================>............] - ETA: 0s - loss: 0.2140 - acc: 0.9010
 7/10 [====================>.........] - ETA: 0s - loss: 0.2377 - acc: 0.8929
 8/10 [=======================>......] - ETA: 0s - loss: 0.2358 - acc: 0.8984
 9/10 [==========================>...] - ETA: 0s - loss: 0.2632 - acc: 0.8958
10/10 [==============================] - 10s 999ms/step - loss: 0.2457 - acc: 0.9031 - val_loss: 0.1370 - val_acc: 0.9586

Epoch 00023: val_loss did not improve from 0.06144
Epoch 24/30

 1/10 [==>...........................] - ETA: 0s - loss: 0.5297 - acc: 0.8438
 2/10 [=====>........................] - ETA: 0s - loss: 0.3220 - acc: 0.9062
 3/10 [========>.....................] - ETA: 0s - loss: 0.2561 - acc: 0.9271
 4/10 [===========>..................] - ETA: 0s - loss: 0.2315 - acc: 0.9375
 5/10 [==============>...............] - ETA: 0s - loss: 0.2366 - acc: 0.9313
 6/10 [=================>............] - ETA: 0s - loss: 0.2278 - acc: 0.9271
 7/10 [====================>.........] - ETA: 0s - loss: 0.2248 - acc: 0.9286
 8/10 [=======================>......] - ETA: 0s - loss: 0.2081 - acc: 0.9336
 9/10 [==========================>...] - ETA: 0s - loss: 0.2068 - acc: 0.9340
10/10 [==============================] - 10s 977ms/step - loss: 0.2115 - acc: 0.9313 - val_loss: 0.0996 - val_acc: 0.9692

Epoch 00024: val_loss did not improve from 0.06144
Epoch 25/30

 1/10 [==>...........................] - ETA: 0s - loss: 0.1048 - acc: 0.9688
 2/10 [=====>........................] - ETA: 0s - loss: 0.1409 - acc: 0.9531
 3/10 [========>.....................] - ETA: 0s - loss: 0.1759 - acc: 0.9375
 4/10 [===========>..................] - ETA: 0s - loss: 0.2121 - acc: 0.9375
 5/10 [==============>...............] - ETA: 0s - loss: 0.1954 - acc: 0.9375
 6/10 [=================>............] - ETA: 0s - loss: 0.2085 - acc: 0.9271
 7/10 [====================>.........] - ETA: 0s - loss: 0.2081 - acc: 0.9241
 8/10 [=======================>......] - ETA: 0s - loss: 0.1835 - acc: 0.9336
 9/10 [==========================>...] - ETA: 0s - loss: 0.1815 - acc: 0.9340
10/10 [==============================] - 10s 993ms/step - loss: 0.1806 - acc: 0.9344 - val_loss: 0.0601 - val_acc: 0.9793

Epoch 00025: val_loss improved from 0.06144 to 0.06009, saving model to MyModel.h5
Epoch 26/30

 1/10 [==>...........................] - ETA: 0s - loss: 0.0177 - acc: 1.0000
 2/10 [=====>........................] - ETA: 0s - loss: 0.1237 - acc: 0.9688
 3/10 [========>.....................] - ETA: 0s - loss: 0.0924 - acc: 0.9792
 4/10 [===========>..................] - ETA: 0s - loss: 0.0947 - acc: 0.9766
 5/10 [==============>...............] - ETA: 0s - loss: 0.0825 - acc: 0.9812
 6/10 [=================>............] - ETA: 0s - loss: 0.1286 - acc: 0.9792
 7/10 [====================>.........] - ETA: 0s - loss: 0.1212 - acc: 0.9777
 8/10 [=======================>......] - ETA: 0s - loss: 0.1422 - acc: 0.9688
 9/10 [==========================>...] - ETA: 0s - loss: 0.1513 - acc: 0.9618
10/10 [==============================] - 10s 978ms/step - loss: 0.1456 - acc: 0.9625 - val_loss: 0.0568 - val_acc: 0.9793

Epoch 00026: val_loss improved from 0.06009 to 0.05684, saving model to MyModel.h5
Epoch 27/30

 1/10 [==>...........................] - ETA: 0s - loss: 0.1628 - acc: 0.9688
 2/10 [=====>........................] - ETA: 0s - loss: 0.2069 - acc: 0.9688
 3/10 [========>.....................] - ETA: 0s - loss: 0.1682 - acc: 0.9688
 4/10 [===========>..................] - ETA: 0s - loss: 0.1529 - acc: 0.9688
 5/10 [==============>...............] - ETA: 0s - loss: 0.1551 - acc: 0.9625
 6/10 [=================>............] - ETA: 0s - loss: 0.1720 - acc: 0.9479
 7/10 [====================>.........] - ETA: 0s - loss: 0.1735 - acc: 0.9464
 8/10 [=======================>......] - ETA: 0s - loss: 0.2010 - acc: 0.9375
 9/10 [==========================>...] - ETA: 0s - loss: 0.2003 - acc: 0.9410
10/10 [==============================] - 10s 999ms/step - loss: 0.2168 - acc: 0.9406 - val_loss: 0.2098 - val_acc: 0.9416

Epoch 00027: val_loss did not improve from 0.05684
Epoch 28/30

 1/10 [==>...........................] - ETA: 0s - loss: 0.5147 - acc: 0.8125
 2/10 [=====>........................] - ETA: 0s - loss: 0.3383 - acc: 0.8750
 3/10 [========>.....................] - ETA: 0s - loss: 0.3095 - acc: 0.8854
 4/10 [===========>..................] - ETA: 0s - loss: 0.2766 - acc: 0.9062
 5/10 [==============>...............] - ETA: 0s - loss: 0.2645 - acc: 0.9000
 6/10 [=================>............] - ETA: 0s - loss: 0.2336 - acc: 0.9167
 7/10 [====================>.........] - ETA: 0s - loss: 0.2532 - acc: 0.9152
 8/10 [=======================>......] - ETA: 0s - loss: 0.2281 - acc: 0.9258
 9/10 [==========================>...] - ETA: 0s - loss: 0.2415 - acc: 0.9271
10/10 [==============================] - 10s 999ms/step - loss: 0.2233 - acc: 0.9344 - val_loss: 0.0569 - val_acc: 0.9793

Epoch 00028: val_loss did not improve from 0.05684
Epoch 29/30

 1/10 [==>...........................] - ETA: 0s - loss: 0.2424 - acc: 0.9062
 2/10 [=====>........................] - ETA: 0s - loss: 0.3016 - acc: 0.8906
 3/10 [========>.....................] - ETA: 0s - loss: 0.3268 - acc: 0.9062
 4/10 [===========>..................] - ETA: 0s - loss: 0.2811 - acc: 0.9219
 5/10 [==============>...............] - ETA: 0s - loss: 0.2387 - acc: 0.9375
 6/10 [=================>............] - ETA: 0s - loss: 0.2947 - acc: 0.9167
 7/10 [====================>.........] - ETA: 0s - loss: 0.2660 - acc: 0.9241
 8/10 [=======================>......] - ETA: 0s - loss: 0.2565 - acc: 0.9219
 9/10 [==========================>...] - ETA: 0s - loss: 0.2456 - acc: 0.9201
10/10 [==============================] - 10s 989ms/step - loss: 0.2511 - acc: 0.9156 - val_loss: 0.1008 - val_acc: 0.9630

Epoch 00029: val_loss did not improve from 0.05684
Epoch 30/30

 1/10 [==>...........................] - ETA: 0s - loss: 0.0971 - acc: 0.9375
 2/10 [=====>........................] - ETA: 0s - loss: 0.0874 - acc: 0.9531
 3/10 [========>.....................] - ETA: 0s - loss: 0.1443 - acc: 0.9271
 4/10 [===========>..................] - ETA: 0s - loss: 0.1116 - acc: 0.9453
 5/10 [==============>...............] - ETA: 0s - loss: 0.1821 - acc: 0.9313
 6/10 [=================>............] - ETA: 0s - loss: 0.1848 - acc: 0.9375
 7/10 [====================>.........] - ETA: 0s - loss: 0.1815 - acc: 0.9375
 8/10 [=======================>......] - ETA: 0s - loss: 0.1641 - acc: 0.9453
 9/10 [==========================>...] - ETA: 0s - loss: 0.1801 - acc: 0.9410
10/10 [==============================] - 10s 1000ms/step - loss: 0.1669 - acc: 0.9469 - val_loss: 0.1172 - val_acc: 0.9611

Epoch 00030: val_loss did not improve from 0.05684
