Found 3462 images belonging to 5 classes.
Found 861 images belonging to 5 classes.
Epoch 1/20
 - 38s - loss: 1.0852 - acc: 0.5645 - val_loss: 0.6620 - val_acc: 0.7576

Epoch 00001: val_acc improved from -inf to 0.75764, saving model to model.h5
Epoch 2/20
 - 28s - loss: 0.6515 - acc: 0.7632 - val_loss: 0.5431 - val_acc: 0.8027

Epoch 00002: val_acc improved from 0.75764 to 0.80266, saving model to model.h5
Epoch 3/20
 - 28s - loss: 0.5286 - acc: 0.8098 - val_loss: 0.5018 - val_acc: 0.8191

Epoch 00003: val_acc improved from 0.80266 to 0.81911, saving model to model.h5
Epoch 4/20
 - 28s - loss: 0.4761 - acc: 0.8254 - val_loss: 0.4972 - val_acc: 0.8160

Epoch 00004: val_acc did not improve from 0.81911
Epoch 5/20
 - 28s - loss: 0.4191 - acc: 0.8466 - val_loss: 0.4623 - val_acc: 0.8309

Epoch 00005: val_acc improved from 0.81911 to 0.83085, saving model to model.h5
Epoch 6/20
 - 29s - loss: 0.3868 - acc: 0.8600 - val_loss: 0.4700 - val_acc: 0.8356

Epoch 00006: val_acc improved from 0.83085 to 0.83555, saving model to model.h5
Epoch 7/20
 - 28s - loss: 0.3604 - acc: 0.8673 - val_loss: 0.5103 - val_acc: 0.8226

Epoch 00007: val_acc did not improve from 0.83555
Epoch 8/20
 - 29s - loss: 0.3432 - acc: 0.8741 - val_loss: 0.4713 - val_acc: 0.8422

Epoch 00008: val_acc improved from 0.83555 to 0.84221, saving model to model.h5
Epoch 9/20
 - 28s - loss: 0.3162 - acc: 0.8873 - val_loss: 0.4708 - val_acc: 0.8493

Epoch 00009: val_acc improved from 0.84221 to 0.84926, saving model to model.h5
Epoch 10/20
 - 28s - loss: 0.2917 - acc: 0.8924 - val_loss: 0.5398 - val_acc: 0.8316

Epoch 00010: val_acc did not improve from 0.84926
Epoch 11/20
 - 28s - loss: 0.2892 - acc: 0.8958 - val_loss: 0.4767 - val_acc: 0.8575

Epoch 00011: val_acc improved from 0.84926 to 0.85748, saving model to model.h5
Epoch 12/20
 - 29s - loss: 0.2901 - acc: 0.8962 - val_loss: 0.6154 - val_acc: 0.7991

Epoch 00012: val_acc did not improve from 0.85748
Epoch 13/20
 - 28s - loss: 0.2487 - acc: 0.9086 - val_loss: 0.4982 - val_acc: 0.8524

Epoch 00013: val_acc did not improve from 0.85748
Epoch 14/20
 - 28s - loss: 0.2262 - acc: 0.9178 - val_loss: 0.5015 - val_acc: 0.8414

Epoch 00014: val_acc did not improve from 0.85748
Epoch 15/20
 - 28s - loss: 0.2336 - acc: 0.9140 - val_loss: 0.5064 - val_acc: 0.8536

Epoch 00015: val_acc did not improve from 0.85748
Epoch 16/20
 - 28s - loss: 0.2128 - acc: 0.9222 - val_loss: 0.5105 - val_acc: 0.8477

Epoch 00016: val_acc did not improve from 0.85748
Epoch 17/20
 - 28s - loss: 0.1994 - acc: 0.9251 - val_loss: 0.5380 - val_acc: 0.8500

Epoch 00017: val_acc did not improve from 0.85748
Epoch 18/20
 - 28s - loss: 0.1764 - acc: 0.9342 - val_loss: 0.6131 - val_acc: 0.8449

Epoch 00018: val_acc did not improve from 0.85748
Epoch 19/20
 - 28s - loss: 0.1701 - acc: 0.9381 - val_loss: 0.5822 - val_acc: 0.8418

Epoch 00019: val_acc did not improve from 0.85748
Epoch 20/20
 - 28s - loss: 0.1647 - acc: 0.9391 - val_loss: 0.6001 - val_acc: 0.8508

Epoch 00020: val_acc did not improve from 0.85748
